1 10 20
100 200 125
201 210 89
900 1000 174
9000 10000 260
1 1 1
5 10 20
10 10 7
9999 10000 92
1390 4104 238
2 4 8
23 32 112
38999 21092 324
556 1483 182
1488 9438 262
2489 2940 217
299 1293 182
1752 3819 238
2045 6671 262
4891 5748 236
4278 9402 262
49 94 116
5 15 20
1378 4981 238
60001 61000 335
64 84 116
4013 4401 215
1111 1 179
10 10 7
400 400 28
1 106 119
9431 4900 262
4999 1900 238
4819 5677 236
48 84 116
8299 6478 257
1000 10000 262
2773 3773 238
10 5000 238
2000 2020 144
1997 2323 183
174 894 179
15 105 119
8 80 116
18888 74310 340
69 69 15
5837 8593 262
89435 23489 351
1 20 21
20 49 112
9999 9910 180
2489 4829 238
4289 5499 215
90 84 31
8924 1293 262
4892 8294 262
8912 4829 262
60942 42908 340
39 93 116
4892 9824 262
6728 1944 262
42367 76247 340
8924 4824 262
300 301 17
489 849 171
550 10 144
4890 4904 179
89 429 144
9025 2489 262
2478 9424 262
8493 9042 247
192 480 144
4892 9558 262
99410 49980 351
74827 84928 351
85247 24892 351
8954 7255 252
1000 400 179
48297 48294 159
347 47284 324
49274 4829 324
4238 7 238
90 91 93
24 4893 238
89 9004 262
4204 89 238
7593 2498 262
78482 74285 351
9755 9857 211
894 498 179
4825 9528 262
48 84 116
238 9403 262
100 10 119
44 999 179
777 776 122
4893 8923 262
849 8943 262
23 843 171
723 894 179
892 4392 238
4 50 112
250 10 128
489 999 179
50 50 25
